2026-04-23 10:32:24,328 | Program basladi. Kayitlar klasoru olusturuldu: app.log
2026-04-23 10:32:24,796 | YENI TAKIP BASLADI | ID: 0
2026-04-23 10:32:26,883 | HAREKETSIZ IHLALI BASLADI | ID: 0
2026-04-23 10:32:31,109 | UYUYOR IHLALI BASLADI | ID: 0
2026-04-23 10:32:33,505 | HAREKETSIZ IHLALI BASLADI | ID: 0
2026-04-23 10:35:27,211 | Program basladi. Kayitlar klasoru olusturuldu: app.log
2026-04-23 10:35:27,698 | YENI TAKIP BASLADI | ID: 0
2026-04-23 10:35:29,749 | HAREKETSIZ IHLALI BASLADI | ID: 0
2026-04-23 10:35:33,706 | UYUYOR IHLALI BASLADI | ID: 0
2026-04-23 10:35:34,762 | HAREKETSIZ IHLALI BASLADI | ID: 0
2026-04-23 10:35:44,220 | TAKIP KAYBEDILDI | ID: 0
2026-04-23 10:35:44,302 | YENI TAKIP BASLADI | ID: 1
2026-04-23 10:35:46,399 | HAREKETSIZ IHLALI BASLADI | ID: 1
2026-04-23 10:35:52,544 | UYUYOR IHLALI BASLADI | ID: 1
2026-04-23 10:35:53,697 | HAREKETSIZ IHLALI BASLADI | ID: 1
2026-04-23 10:35:57,276 | Kalibrasyon tamamlandi: baseline=0.101, threshold=0.073 (n=356 ornek)
2026-04-23 11:14:28,620 | Kamera baglandi: rtsp://admin:collbrai&camera5@192.168.1.64:554/Streaming/Channels/101 (1920x1080)
2026-04-23 11:14:29,116 | Program basladi. Kayitlar klasoru olusturuldu: app.log
2026-04-23 11:14:29,516 | YENI TAKIP BASLADI | ID: 0
2026-04-23 11:14:31,562 | HAREKETSIZ IHLALI BASLADI | ID: 0
2026-04-23 11:14:38,548 | TAKIP KAYBEDILDI | ID: 0
2026-04-23 11:14:39,635 | YENI TAKIP BASLADI | ID: 1
2026-04-23 11:14:41,732 | HAREKETSIZ IHLALI BASLADI | ID: 1
2026-04-23 11:14:42,864 | IHLAL BITTI | ID: 1
2026-04-23 11:14:46,083 | HAREKETSIZ IHLALI BASLADI | ID: 1
2026-04-23 11:14:48,714 | IHLAL BITTI | ID: 1
2026-04-23 11:14:48,816 | TAKIP KAYBEDILDI | ID: 1
2026-04-23 11:14:49,053 | YENI TAKIP BASLADI | ID: 2
2026-04-23 11:14:51,140 | HAREKETSIZ IHLALI BASLADI | ID: 2
2026-04-23 11:15:00,019 | Kalibrasyon tamamlandi: baseline=0.259, threshold=0.187 (n=68 ornek)
2026-04-23 11:15:00,107 | IHLAL BITTI | ID: 2
2026-04-23 11:15:01,168 | TAKIP KAYBEDILDI | ID: 2
2026-04-23 11:15:01,408 | YENI TAKIP BASLADI | ID: 3
2026-04-23 11:15:01,501 | YENI TAKIP BASLADI | ID: 4
2026-04-23 11:15:01,509 | TAKIP KAYBEDILDI | ID: 3
2026-04-23 11:15:01,593 | YENI TAKIP BASLADI | ID: 5
2026-04-23 11:15:01,594 | TAKIP KAYBEDILDI | ID: 4
2026-04-23 11:15:02,953 | TAKIP KAYBEDILDI | ID: 5
2026-04-23 11:15:04,107 | YENI TAKIP BASLADI | ID: 6
2026-04-23 11:15:04,190 | TAKIP KAYBEDILDI | ID: 6
2026-04-23 11:15:04,276 | YENI TAKIP BASLADI | ID: 7
2026-04-23 11:15:06,392 | HAREKETSIZ IHLALI BASLADI | ID: 7
2026-04-23 11:15:12,128 | TAKIP KAYBEDILDI | ID: 7
2026-04-23 11:15:13,911 | YENI TAKIP BASLADI | ID: 8
2026-04-23 11:15:15,988 | HAREKETSIZ IHLALI BASLADI | ID: 8
2026-04-23 11:15:21,750 | TAKIP KAYBEDILDI | ID: 8
2026-04-23 11:15:22,800 | YENI TAKIP BASLADI | ID: 9
2026-04-23 11:15:23,959 | TAKIP KAYBEDILDI | ID: 9
2026-04-23 11:15:25,697 | YENI TAKIP BASLADI | ID: 10
2026-04-23 11:15:25,879 | TAKIP KAYBEDILDI | ID: 10
2026-04-23 11:15:25,962 | YENI TAKIP BASLADI | ID: 11
2026-04-23 11:15:30,899 | HAREKETSIZ IHLALI BASLADI | ID: 11
2026-04-23 11:15:56,113 | UYUYOR IHLALI BASLADI | ID: 11
2026-04-23 11:16:16,792 | Kamera baglandi: rtsp://admin:collbrai&camera5@192.168.1.64:554/Streaming/Channels/101 (1920x1080)
2026-04-23 11:16:17,097 | Program basladi. Kayitlar klasoru olusturuldu: app.log
2026-04-23 11:16:17,330 | YENI TAKIP BASLADI | ID: 0
2026-04-23 11:16:17,331 | YENI TAKIP BASLADI | ID: 1
2026-04-23 11:16:17,522 | TAKIP KAYBEDILDI | ID: 1
2026-04-23 11:16:19,042 | YENI TAKIP BASLADI | ID: 2
2026-04-23 11:16:19,176 | TAKIP KAYBEDILDI | ID: 0
2026-04-23 11:16:19,616 | YENI TAKIP BASLADI | ID: 3
2026-04-23 11:16:19,949 | TAKIP KAYBEDILDI | ID: 3
2026-04-23 11:16:20,240 | YENI TAKIP BASLADI | ID: 4
2026-04-23 11:16:20,365 | TAKIP KAYBEDILDI | ID: 4
2026-04-23 11:16:21,538 | YENI TAKIP BASLADI | ID: 5
2026-04-23 11:16:21,667 | TAKIP KAYBEDILDI | ID: 5
2026-04-23 11:16:22,740 | HAREKETSIZ IHLALI BASLADI | ID: 2
2026-04-23 11:16:25,259 | IHLAL BITTI | ID: 2
2026-04-23 11:16:26,598 | YENI TAKIP BASLADI | ID: 6
2026-04-23 11:16:26,723 | TAKIP KAYBEDILDI | ID: 6
2026-04-23 11:16:27,448 | TAKIP KAYBEDILDI | ID: 2
2026-04-23 11:16:27,542 | YENI TAKIP BASLADI | ID: 7
2026-04-23 11:16:30,965 | HAREKETSIZ IHLALI BASLADI | ID: 7
2026-04-23 11:16:36,514 | YENI TAKIP BASLADI | ID: 8
2026-04-23 11:16:36,657 | TAKIP KAYBEDILDI | ID: 8
2026-04-23 11:16:36,795 | IHLAL BITTI | ID: 7
2026-04-23 11:16:41,859 | HAREKETSIZ IHLALI BASLADI | ID: 7
2026-04-23 11:16:43,748 | IHLAL BITTI | ID: 7
2026-04-23 11:19:21,305 | Kamera baglandi: rtsp://admin:collbrai&camera5@192.168.1.64:554/Streaming/Channels/101 (1920x1080)
2026-04-23 11:19:21,604 | Program basladi. Kayitlar klasoru olusturuldu: app.log
2026-04-23 11:19:21,816 | YENI TAKIP BASLADI | ID: 0
2026-04-23 11:19:27,125 | HAREKETSIZ IHLALI BASLADI | ID: 0
2026-04-23 11:19:27,843 | IHLAL BITTI | ID: 0
2026-04-23 11:19:30,004 | HAREKETSIZ IHLALI BASLADI | ID: 0
2026-04-23 11:19:35,730 | IHLAL BITTI | ID: 0
2026-04-23 11:19:41,113 | HAREKETSIZ IHLALI BASLADI | ID: 0
2026-04-23 11:19:43,307 | UYUYOR IHLALI BASLADI | ID: 0
2026-04-23 11:19:45,386 | HAREKETSIZ IHLALI BASLADI | ID: 0
2026-04-23 11:19:49,754 | IHLAL BITTI | ID: 0
2026-04-23 11:19:51,669 | Kalibrasyon tamamlandi: baseline=0.028, threshold=0.021 (n=168 ornek)
2026-04-23 11:19:52,065 | HAREKETSIZ IHLALI BASLADI | ID: 0
2026-04-23 11:19:52,900 | UYUYOR IHLALI BASLADI | ID: 0
2026-04-23 11:19:53,081 | HAREKETSIZ IHLALI BASLADI | ID: 0
2026-04-23 11:19:53,800 | IHLAL BITTI | ID: 0
2026-04-23 11:20:03,437 | HAREKETSIZ IHLALI BASLADI | ID: 0
2026-04-23 11:20:11,920 | IHLAL BITTI | ID: 0
2026-04-23 11:22:46,088 | Kamera baglandi: rtsp://admin:collbrai&camera5@192.168.1.64:554/Streaming/Channels/101 (1920x1080)
2026-04-23 11:22:46,473 | Program basladi. Kayitlar klasoru olusturuldu: app.log
2026-04-23 11:22:46,696 | YENI TAKIP BASLADI | ID: 0
2026-04-23 11:22:48,775 | HAREKETSIZ IHLALI BASLADI | ID: 0
2026-04-23 11:22:52,166 | UYUYOR IHLALI BASLADI | ID: 0
2026-04-23 11:22:52,245 | HAREKETSIZ IHLALI BASLADI | ID: 0
2026-04-23 11:22:55,650 | UYUYOR IHLALI BASLADI | ID: 0
2026-04-23 11:22:55,742 | HAREKETSIZ IHLALI BASLADI | ID: 0
2026-04-23 11:22:57,414 | IHLAL BITTI | ID: 0
2026-04-23 11:22:57,555 | TAKIP KAYBEDILDI | ID: 0
2026-04-23 11:22:57,641 | YENI TAKIP BASLADI | ID: 1
2026-04-23 11:23:00,472 | YENI TAKIP BASLADI | ID: 2
2026-04-23 11:23:00,547 | TAKIP KAYBEDILDI | ID: 1
2026-04-23 11:23:00,993 | YENI TAKIP BASLADI | ID: 3
2026-04-23 11:23:01,074 | TAKIP KAYBEDILDI | ID: 2
2026-04-23 11:23:04,401 | TAKIP KAYBEDILDI | ID: 3
2026-04-23 11:23:13,792 | YENI TAKIP BASLADI | ID: 4
2026-04-23 11:23:13,878 | YENI TAKIP BASLADI | ID: 5
2026-04-23 11:23:13,980 | TAKIP KAYBEDILDI | ID: 5
2026-04-23 11:23:16,692 | TAKIP KAYBEDILDI | ID: 4
2026-04-23 11:23:16,774 | YENI TAKIP BASLADI | ID: 6
2026-04-23 11:23:17,085 | TAKIP KAYBEDILDI | ID: 6
2026-04-23 11:23:17,171 | YENI TAKIP BASLADI | ID: 7
2026-04-23 11:23:18,323 | YENI TAKIP BASLADI | ID: 8
2026-04-23 11:23:18,426 | TAKIP KAYBEDILDI | ID: 8
2026-04-23 11:23:18,688 | YENI TAKIP BASLADI | ID: 9
2026-04-23 11:23:18,783 | TAKIP KAYBEDILDI | ID: 7
2026-04-23 11:23:20,783 | HAREKETSIZ IHLALI BASLADI | ID: 9
2026-04-23 11:23:43,487 | YENI TAKIP BASLADI | ID: 10
2026-04-23 11:23:43,580 | TAKIP KAYBEDILDI | ID: 9
2026-04-23 11:23:44,053 | TAKIP KAYBEDILDI | ID: 10
2026-04-23 11:23:44,140 | YENI TAKIP BASLADI | ID: 11
2026-04-23 11:23:44,539 | YENI TAKIP BASLADI | ID: 12
2026-04-23 11:23:44,623 | TAKIP KAYBEDILDI | ID: 11
2026-04-23 11:23:46,602 | Kalibrasyon yetersiz ornek (7 < 20); varsayilan esige donuluyor (0.21)
2026-04-23 11:23:47,419 | HAREKETSIZ IHLALI BASLADI | ID: 12
2026-04-23 11:24:04,724 | UYUYOR IHLALI BASLADI | ID: 12
2026-04-23 11:24:04,813 | HAREKETSIZ IHLALI BASLADI | ID: 12
2026-04-23 11:24:05,924 | IHLAL BITTI | ID: 12
2026-04-23 11:24:07,437 | YENI TAKIP BASLADI | ID: 13
2026-04-23 11:24:07,550 | TAKIP KAYBEDILDI | ID: 13
2026-04-23 11:24:08,052 | YENI TAKIP BASLADI | ID: 14
2026-04-23 11:24:08,150 | TAKIP KAYBEDILDI | ID: 12
2026-04-23 11:24:08,829 | TAKIP KAYBEDILDI | ID: 14
2026-04-23 11:24:09,120 | YENI TAKIP BASLADI | ID: 15
2026-04-23 11:24:09,128 | YENI TAKIP BASLADI | ID: 16
2026-04-23 11:24:09,238 | TAKIP KAYBEDILDI | ID: 16
2026-04-23 11:24:09,966 | TAKIP KAYBEDILDI | ID: 15
2026-04-23 11:24:10,181 | YENI TAKIP BASLADI | ID: 17
2026-04-23 11:24:12,264 | UYUYOR IHLALI BASLADI | ID: 17
2026-04-23 11:24:12,364 | HAREKETSIZ IHLALI BASLADI | ID: 17
2026-04-23 11:24:12,640 | IHLAL BITTI | ID: 17
2026-04-23 11:24:14,955 | HAREKETSIZ IHLALI BASLADI | ID: 17
2026-04-23 11:24:18,736 | UYUYOR IHLALI BASLADI | ID: 17
2026-04-23 11:24:21,203 | HAREKETSIZ IHLALI BASLADI | ID: 17
2026-04-23 11:24:22,854 | IHLAL BITTI | ID: 17
2026-04-23 11:24:22,934 | TAKIP KAYBEDILDI | ID: 17
2026-04-23 11:24:23,030 | YENI TAKIP BASLADI | ID: 18
2026-04-23 11:24:26,534 | GOZ_KAPALI IHLALI BASLADI | ID: 18
2026-04-23 11:24:26,619 | IHLAL BITTI | ID: 18
2026-04-23 11:24:26,721 | GOZ_KAPALI IHLALI BASLADI | ID: 18
2026-04-23 11:24:26,815 | IHLAL BITTI | ID: 18
2026-04-23 11:24:26,990 | GOZ_KAPALI IHLALI BASLADI | ID: 18
2026-04-23 11:24:27,360 | IHLAL BITTI | ID: 18
2026-04-23 11:24:27,542 | YENI TAKIP BASLADI | ID: 19
2026-04-23 11:24:27,670 | TAKIP KAYBEDILDI | ID: 18
2026-04-23 11:24:27,671 | TAKIP KAYBEDILDI | ID: 19
2026-04-23 11:24:27,755 | YENI TAKIP BASLADI | ID: 20
2026-04-23 11:24:29,237 | YENI TAKIP BASLADI | ID: 21
2026-04-23 11:24:29,371 | TAKIP KAYBEDILDI | ID: 21
2026-04-23 11:24:31,396 | HAREKETSIZ IHLALI BASLADI | ID: 20
2026-04-23 11:24:31,573 | UYUYOR IHLALI BASLADI | ID: 20
2026-04-23 11:24:36,096 | HAREKETSIZ IHLALI BASLADI | ID: 20
2026-04-23 11:24:37,578 | IHLAL BITTI | ID: 20
2026-04-23 11:24:37,653 | TAKIP KAYBEDILDI | ID: 20
2026-04-23 11:24:37,734 | YENI TAKIP BASLADI | ID: 22
2026-04-23 11:24:40,745 | GOZ_KAPALI IHLALI BASLADI | ID: 22
2026-04-23 11:24:40,835 | IHLAL BITTI | ID: 22
2026-04-23 11:24:46,880 | HAREKETSIZ IHLALI BASLADI | ID: 22
2026-04-23 11:24:51,829 | UYUYOR IHLALI BASLADI | ID: 22
2026-04-23 11:24:52,008 | HAREKETSIZ IHLALI BASLADI | ID: 22
2026-04-23 11:24:54,436 | IHLAL BITTI | ID: 22
2026-04-23 11:24:57,507 | YENI TAKIP BASLADI | ID: 23
2026-04-23 11:24:57,515 | YENI TAKIP BASLADI | ID: 24
2026-04-23 11:24:57,615 | TAKIP KAYBEDILDI | ID: 24
2026-04-23 11:24:57,615 | TAKIP KAYBEDILDI | ID: 23
